<?xml version="1.0" encoding="UTF-8"?>
<testng-results ignored="0" total="22" passed="22" failed="0" skipped="0">
  <reporter-output>
  </reporter-output>
  <suite started-at="2025-05-21T08:05:58 IST" name="Xamplify Automation Suite" finished-at="2025-05-21T08:20:51 IST" duration-ms="893273">
    <groups>
    </groups>
    <test started-at="2025-05-21T08:05:58 IST" name="Xamplify Tests" finished-at="2025-05-21T08:20:51 IST" duration-ms="893273">
      <class name="com.xamplify.automation.tests.OnboardingPartnerTest">
        <test-method signature="OneAtaTime_partner()[pri:1, instance:com.xamplify.automation.tests.OnboardingPartnerTest@39a87e72]" started-at="2025-05-21T08:06:39 IST" name="OneAtaTime_partner" finished-at="2025-05-21T08:07:21 IST" duration-ms="42693" status="PASS">
          <reporter-output>
          </reporter-output>
        </test-method> <!-- OneAtaTime_partner -->
        <test-method signature="EditPartner()[pri:3, instance:com.xamplify.automation.tests.OnboardingPartnerTest@39a87e72]" started-at="2025-05-21T08:07:21 IST" name="EditPartner" finished-at="2025-05-21T08:07:52 IST" duration-ms="31102" status="PASS">
          <reporter-output>
          </reporter-output>
        </test-method> <!-- EditPartner -->
        <test-method signature="SearchPartner()[pri:4, instance:com.xamplify.automation.tests.OnboardingPartnerTest@39a87e72]" started-at="2025-05-21T08:07:52 IST" name="SearchPartner" finished-at="2025-05-21T08:08:10 IST" duration-ms="17637" status="PASS">
          <reporter-output>
          </reporter-output>
        </test-method> <!-- SearchPartner -->
        <test-method signature="ExportExcellReportPartner()[pri:5, instance:com.xamplify.automation.tests.OnboardingPartnerTest@39a87e72]" started-at="2025-05-21T08:08:10 IST" name="ExportExcellReportPartner" finished-at="2025-05-21T08:08:18 IST" duration-ms="7630" status="PASS">
          <reporter-output>
          </reporter-output>
        </test-method> <!-- ExportExcellReportPartner -->
        <test-method signature="ExportEmailReportPartner()[pri:6, instance:com.xamplify.automation.tests.OnboardingPartnerTest@39a87e72]" started-at="2025-05-21T08:08:18 IST" name="ExportEmailReportPartner" finished-at="2025-05-21T08:08:45 IST" duration-ms="27227" status="PASS">
          <reporter-output>
          </reporter-output>
        </test-method> <!-- ExportEmailReportPartner -->
        <test-method signature="CreateGroupPartner()[pri:7, instance:com.xamplify.automation.tests.OnboardingPartnerTest@39a87e72]" started-at="2025-05-21T08:08:45 IST" name="CreateGroupPartner" finished-at="2025-05-21T08:09:06 IST" duration-ms="20650" status="PASS">
          <reporter-output>
          </reporter-output>
        </test-method> <!-- CreateGroupPartner -->
        <test-method signature="AddToGroupPartner()[pri:8, instance:com.xamplify.automation.tests.OnboardingPartnerTest@39a87e72]" started-at="2025-05-21T08:09:06 IST" name="AddToGroupPartner" finished-at="2025-05-21T08:10:00 IST" duration-ms="54124" status="PASS">
          <reporter-output>
          </reporter-output>
        </test-method> <!-- AddToGroupPartner -->
        <test-method signature="DeletePartner()[pri:9, instance:com.xamplify.automation.tests.OnboardingPartnerTest@39a87e72]" started-at="2025-05-21T08:10:00 IST" name="DeletePartner" finished-at="2025-05-21T08:10:30 IST" duration-ms="30605" status="PASS">
          <reporter-output>
          </reporter-output>
        </test-method> <!-- DeletePartner -->
        <test-method signature="PaginationPartner()[pri:10, instance:com.xamplify.automation.tests.OnboardingPartnerTest@39a87e72]" started-at="2025-05-21T08:10:30 IST" name="PaginationPartner" finished-at="2025-05-21T08:10:45 IST" duration-ms="15232" status="PASS">
          <reporter-output>
          </reporter-output>
        </test-method> <!-- PaginationPartner -->
        <test-method signature="SortAndRecordsPerPage()[pri:11, instance:com.xamplify.automation.tests.OnboardingPartnerTest@39a87e72]" started-at="2025-05-21T08:10:46 IST" name="SortAndRecordsPerPage" finished-at="2025-05-21T08:12:18 IST" duration-ms="92469" status="PASS">
          <reporter-output>
          </reporter-output>
        </test-method> <!-- SortAndRecordsPerPage -->
        <test-method signature="UploadCSV_partner()[pri:11, instance:com.xamplify.automation.tests.OnboardingPartnerTest@39a87e72]" started-at="2025-05-21T08:12:18 IST" name="UploadCSV_partner" finished-at="2025-05-21T08:12:49 IST" duration-ms="30854" status="PASS">
          <reporter-output>
          </reporter-output>
        </test-method> <!-- UploadCSV_partner -->
      </class> <!-- com.xamplify.automation.tests.OnboardingPartnerTest -->
      <class name="com.xamplify.automation.Login">
        <test-method signature="Openingthebrowser()[pri:1, instance:com.xamplify.automation.Login@1859e2a4]" started-at="2025-05-21T08:05:58 IST" name="Openingthebrowser" finished-at="2025-05-21T08:06:29 IST" duration-ms="30899" status="PASS">
          <reporter-output>
          </reporter-output>
        </test-method> <!-- Openingthebrowser -->
        <test-method signature="Signinprocess()[pri:2, instance:com.xamplify.automation.Login@1859e2a4]" started-at="2025-05-21T08:06:29 IST" name="Signinprocess" finished-at="2025-05-21T08:06:39 IST" duration-ms="9995" status="PASS">
          <reporter-output>
          </reporter-output>
        </test-method> <!-- Signinprocess -->
      </class> <!-- com.xamplify.automation.Login -->
      <class name="com.xamplify.automation.tests.ManagePartnerTest">
        <test-method signature="EditGroup_ManagePartner()[pri:1, instance:com.xamplify.automation.tests.ManagePartnerTest@5d2828c9]" started-at="2025-05-21T08:12:49 IST" name="EditGroup_ManagePartner" finished-at="2025-05-21T08:14:33 IST" duration-ms="104518" status="PASS">
          <reporter-output>
          </reporter-output>
        </test-method> <!-- EditGroup_ManagePartner -->
        <test-method signature="Sortandsearch_Copyandsavegroup_ManagePartner()[pri:2, instance:com.xamplify.automation.tests.ManagePartnerTest@5d2828c9]" started-at="2025-05-21T08:14:33 IST" name="Sortandsearch_Copyandsavegroup_ManagePartner" finished-at="2025-05-21T08:15:14 IST" duration-ms="40195" status="PASS">
          <reporter-output>
          </reporter-output>
        </test-method> <!-- Sortandsearch_Copyandsavegroup_ManagePartner -->
        <test-method signature="EmailReport_ManagePartner()[pri:3, instance:com.xamplify.automation.tests.ManagePartnerTest@5d2828c9]" started-at="2025-05-21T08:15:14 IST" name="EmailReport_ManagePartner" finished-at="2025-05-21T08:15:56 IST" duration-ms="42430" status="PASS">
          <reporter-output>
          </reporter-output>
        </test-method> <!-- EmailReport_ManagePartner -->
        <test-method signature="CreatePartnerGroup_ManagePartner()[pri:4, instance:com.xamplify.automation.tests.ManagePartnerTest@5d2828c9]" started-at="2025-05-21T08:15:56 IST" name="CreatePartnerGroup_ManagePartner" finished-at="2025-05-21T08:16:57 IST" duration-ms="61062" status="PASS">
          <reporter-output>
          </reporter-output>
        </test-method> <!-- CreatePartnerGroup_ManagePartner -->
        <test-method signature="PublishContent_ManagePartner()[pri:5, instance:com.xamplify.automation.tests.ManagePartnerTest@5d2828c9]" started-at="2025-05-21T08:16:57 IST" name="PublishContent_ManagePartner" finished-at="2025-05-21T08:18:39 IST" duration-ms="102195" status="PASS">
          <reporter-output>
          </reporter-output>
        </test-method> <!-- PublishContent_ManagePartner -->
        <test-method signature="DeleteGroup_ManagePartner()[pri:6, instance:com.xamplify.automation.tests.ManagePartnerTest@5d2828c9]" started-at="2025-05-21T08:18:39 IST" name="DeleteGroup_ManagePartner" finished-at="2025-05-21T08:19:31 IST" duration-ms="51688" status="PASS">
          <reporter-output>
          </reporter-output>
        </test-method> <!-- DeleteGroup_ManagePartner -->
        <test-method signature="ExportExcelReport_ManagePartner()[pri:7, instance:com.xamplify.automation.tests.ManagePartnerTest@5d2828c9]" started-at="2025-05-21T08:19:31 IST" name="ExportExcelReport_ManagePartner" finished-at="2025-05-21T08:20:32 IST" duration-ms="61093" status="PASS">
          <reporter-output>
          </reporter-output>
        </test-method> <!-- ExportExcelReport_ManagePartner -->
        <test-method signature="Pagination_ManagePartner()[pri:8, instance:com.xamplify.automation.tests.ManagePartnerTest@5d2828c9]" started-at="2025-05-21T08:20:32 IST" name="Pagination_ManagePartner" finished-at="2025-05-21T08:20:47 IST" duration-ms="15398" status="PASS">
          <reporter-output>
          </reporter-output>
        </test-method> <!-- Pagination_ManagePartner -->
        <test-method signature="Home()[pri:11, instance:com.xamplify.automation.tests.ManagePartnerTest@5d2828c9]" started-at="2025-05-21T08:20:47 IST" name="Home" finished-at="2025-05-21T08:20:51 IST" duration-ms="3430" status="PASS">
          <reporter-output>
          </reporter-output>
        </test-method> <!-- Home -->
      </class> <!-- com.xamplify.automation.tests.ManagePartnerTest -->
    </test> <!-- Xamplify Tests -->
  </suite> <!-- Xamplify Automation Suite -->
</testng-results>
