<?xml version="1.0" encoding="UTF-8"?>
<!-- Generated by org.testng.reporters.JUnitXMLReporter -->
<testsuite ignored="0" hostname="kalagaraganesh-sa" failures="0" tests="22" name="Xamplify Tests" time="893.273" errors="0" timestamp="2025-05-21T08:20:51 IST">
  <testcase classname="com.xamplify.automation.Login" name="Openingthebrowser" time="30.899"/>
  <testcase classname="com.xamplify.automation.Login" name="Signinprocess" time="9.995"/>
  <testcase classname="com.xamplify.automation.tests.OnboardingPartnerTest" name="OneAtaTime_partner" time="42.693"/>
  <testcase classname="com.xamplify.automation.tests.OnboardingPartnerTest" name="EditPartner" time="31.102"/>
  <testcase classname="com.xamplify.automation.tests.OnboardingPartnerTest" name="SearchPartner" time="17.637"/>
  <testcase classname="com.xamplify.automation.tests.OnboardingPartnerTest" name="ExportExcellReportPartner" time="7.63"/>
  <testcase classname="com.xamplify.automation.tests.OnboardingPartnerTest" name="ExportEmailReportPartner" time="27.227"/>
  <testcase classname="com.xamplify.automation.tests.OnboardingPartnerTest" name="CreateGroupPartner" time="20.65"/>
  <testcase classname="com.xamplify.automation.tests.OnboardingPartnerTest" name="AddToGroupPartner" time="54.124"/>
  <testcase classname="com.xamplify.automation.tests.OnboardingPartnerTest" name="DeletePartner" time="30.605"/>
  <testcase classname="com.xamplify.automation.tests.OnboardingPartnerTest" name="PaginationPartner" time="15.232"/>
  <testcase classname="com.xamplify.automation.tests.OnboardingPartnerTest" name="SortAndRecordsPerPage" time="92.469"/>
  <testcase classname="com.xamplify.automation.tests.OnboardingPartnerTest" name="UploadCSV_partner" time="30.854"/>
  <testcase classname="com.xamplify.automation.tests.ManagePartnerTest" name="EditGroup_ManagePartner" time="104.518"/>
  <testcase classname="com.xamplify.automation.tests.ManagePartnerTest" name="Sortandsearch_Copyandsavegroup_ManagePartner" time="40.195"/>
  <testcase classname="com.xamplify.automation.tests.ManagePartnerTest" name="EmailReport_ManagePartner" time="42.43"/>
  <testcase classname="com.xamplify.automation.tests.ManagePartnerTest" name="CreatePartnerGroup_ManagePartner" time="61.062"/>
  <testcase classname="com.xamplify.automation.tests.ManagePartnerTest" name="PublishContent_ManagePartner" time="102.195"/>
  <testcase classname="com.xamplify.automation.tests.ManagePartnerTest" name="DeleteGroup_ManagePartner" time="51.688"/>
  <testcase classname="com.xamplify.automation.tests.ManagePartnerTest" name="ExportExcelReport_ManagePartner" time="61.093"/>
  <testcase classname="com.xamplify.automation.tests.ManagePartnerTest" name="Pagination_ManagePartner" time="15.398"/>
  <testcase classname="com.xamplify.automation.tests.ManagePartnerTest" name="Home" time="3.43"/>
</testsuite> <!-- Xamplify Tests -->
